CI dependency fix report for PsiTMG v3.3.1

Scope
- Stabilized child interpreter selection for CI-sensitive subprocess execution.
- Switched GitHub Actions dependency installation from requirements.txt discovery to requirements.lock.
- Documented the expected non-fatal c_s² clipping warning in the Chapter 01 stability audit log.

Applied changes
- scripts/phase5_geometric_solution.py: already compliant before this fix; the export_predictions subprocess already uses sys.executable.
- scripts/stability_audit_ch01_ch03.py:
  - replaced legacy "python" child invocations with sys.executable through run_command()
  - added explicit log lines documenting the RuntimeWarning on out-of-bounds c_s² as expected and non-fatal
- .github/workflows/ci.yml:
  - removed pip cache reuse step
  - install path now uses:
    - python -m pip cache purge || true
    - python -m pip install --no-cache-dir -r requirements.lock -c constraints/security-pins.txt
    - python -m pip install --no-cache-dir pre-commit -c constraints/security-pins.txt
    - python -m pip install -e . --no-deps
- .github/workflows/ci-tests.yml:
  - same locked dependency installation strategy as ci.yml

Dry-run status
- act availability: not installed locally (fallback to direct local validation)
- Local validation executed:
  - python scripts/phase5_geometric_solution.py
  - python scripts/stability_audit_ch01_ch03.py
  - pytest -q tests/test_stability_audit_regression.py tests/test_canonical_asset_paths.py tests/test_phase4_zenodo_package.py tests/test_phase5_geometric_solution.py

Observed results
- phase5_geometric_solution.py: PASS
- export_predictions.py subprocess path: PASS
- f_ptmg/f_lcdm at z=10: 1.090054
- stability_audit_log.txt regenerated: PASS
- explicit c_s² clipping note present in stability_audit_log.txt: PASS
- targeted regression gate: PASS

Conclusion
- CI dependency mapping is now locked to requirements.lock.
- Subprocess interpreter drift is eliminated for the audited paths.
- The expected c_s² boundary warning is documented as non-fatal behavior.
