Traceback (most recent call last):
  File "/home/jplal/MCGT/zz-scripts/chapter04/plot_fig02_invariants_histogram.py", line 125, in <module>
    main()
  File "/home/jplal/MCGT/zz-scripts/chapter04/plot_fig02_invariants_histogram.py", line 120, in main
    plt.savefig(output_fig)
  File "/home/jplal/miniforge3/envs/mcgt-dev/lib/python3.12/site-packages/matplotlib/pyplot.py", line 1223, in savefig
    res = fig.savefig(*args, **kwargs)  # type: ignore[func-returns-value]
          ^^^^^^^^^^^^^^^^^^^^^^^^^^^^
  File "/home/jplal/miniforge3/envs/mcgt-dev/lib/python3.12/site-packages/matplotlib/figure.py", line 3388, in savefig
    self.canvas.print_figure(fname, **kwargs)
  File "/home/jplal/miniforge3/envs/mcgt-dev/lib/python3.12/site-packages/matplotlib/backend_bases.py", line 2218, in print_figure
    result = print_method(
             ^^^^^^^^^^^^^
  File "/home/jplal/miniforge3/envs/mcgt-dev/lib/python3.12/site-packages/matplotlib/backend_bases.py", line 2068, in <lambda>
    print_method = functools.wraps(meth)(lambda *args, **kwargs: meth(
                                                                 ^^^^^
  File "/home/jplal/miniforge3/envs/mcgt-dev/lib/python3.12/site-packages/matplotlib/backends/backend_agg.py", line 496, in print_png
    self._print_pil(filename_or_obj, "png", pil_kwargs, metadata)
  File "/home/jplal/miniforge3/envs/mcgt-dev/lib/python3.12/site-packages/matplotlib/backends/backend_agg.py", line 444, in _print_pil
    FigureCanvasAgg.draw(self)
  File "/home/jplal/miniforge3/envs/mcgt-dev/lib/python3.12/site-packages/matplotlib/backends/backend_agg.py", line 387, in draw
    self.figure.draw(self.renderer)
  File "/home/jplal/miniforge3/envs/mcgt-dev/lib/python3.12/site-packages/matplotlib/artist.py", line 95, in draw_wrapper
    result = draw(artist, renderer, *args, **kwargs)
             ^^^^^^^^^^^^^^^^^^^^^^^^^^^^^^^^^^^^^^^
  File "/home/jplal/miniforge3/envs/mcgt-dev/lib/python3.12/site-packages/matplotlib/artist.py", line 72, in draw_wrapper
    return draw(artist, renderer)
           ^^^^^^^^^^^^^^^^^^^^^^
  File "/home/jplal/miniforge3/envs/mcgt-dev/lib/python3.12/site-packages/matplotlib/figure.py", line 3155, in draw
    mimage._draw_list_compositing_images(
  File "/home/jplal/miniforge3/envs/mcgt-dev/lib/python3.12/site-packages/matplotlib/image.py", line 132, in _draw_list_compositing_images
    a.draw(renderer)
  File "/home/jplal/miniforge3/envs/mcgt-dev/lib/python3.12/site-packages/matplotlib/artist.py", line 72, in draw_wrapper
    return draw(artist, renderer)
           ^^^^^^^^^^^^^^^^^^^^^^
  File "/home/jplal/miniforge3/envs/mcgt-dev/lib/python3.12/site-packages/matplotlib/axes/_base.py", line 3109, in draw
    mimage._draw_list_compositing_images(
  File "/home/jplal/miniforge3/envs/mcgt-dev/lib/python3.12/site-packages/matplotlib/image.py", line 132, in _draw_list_compositing_images
    a.draw(renderer)
  File "/home/jplal/miniforge3/envs/mcgt-dev/lib/python3.12/site-packages/matplotlib/artist.py", line 72, in draw_wrapper
    return draw(artist, renderer)
           ^^^^^^^^^^^^^^^^^^^^^^
  File "/home/jplal/miniforge3/envs/mcgt-dev/lib/python3.12/site-packages/matplotlib/axis.py", line 1430, in draw
    self.label.draw(renderer)
  File "/home/jplal/miniforge3/envs/mcgt-dev/lib/python3.12/site-packages/matplotlib/artist.py", line 72, in draw_wrapper
    return draw(artist, renderer)
           ^^^^^^^^^^^^^^^^^^^^^^
  File "/home/jplal/miniforge3/envs/mcgt-dev/lib/python3.12/site-packages/matplotlib/text.py", line 748, in draw
    bbox, info, descent = self._get_layout(renderer)
                          ^^^^^^^^^^^^^^^^^^^^^^^^^^
  File "/home/jplal/miniforge3/envs/mcgt-dev/lib/python3.12/site-packages/matplotlib/text.py", line 381, in _get_layout
    w, h, d = _get_text_metrics_with_cache(
              ^^^^^^^^^^^^^^^^^^^^^^^^^^^^^
  File "/home/jplal/miniforge3/envs/mcgt-dev/lib/python3.12/site-packages/matplotlib/text.py", line 69, in _get_text_metrics_with_cache
    return _get_text_metrics_with_cache_impl(
           ^^^^^^^^^^^^^^^^^^^^^^^^^^^^^^^^^^
  File "/home/jplal/miniforge3/envs/mcgt-dev/lib/python3.12/site-packages/matplotlib/text.py", line 77, in _get_text_metrics_with_cache_impl
    return renderer_ref().get_text_width_height_descent(text, fontprop, ismath)
           ^^^^^^^^^^^^^^^^^^^^^^^^^^^^^^^^^^^^^^^^^^^^^^^^^^^^^^^^^^^^^^^^^^^^
  File "/home/jplal/miniforge3/envs/mcgt-dev/lib/python3.12/site-packages/matplotlib/backends/backend_agg.py", line 216, in get_text_width_height_descent
    self.mathtext_parser.parse(s, self.dpi, prop)
  File "/home/jplal/miniforge3/envs/mcgt-dev/lib/python3.12/site-packages/matplotlib/mathtext.py", line 79, in parse
    return self._parse_cached(s, dpi, prop, antialiased)
           ^^^^^^^^^^^^^^^^^^^^^^^^^^^^^^^^^^^^^^^^^^^^^
  File "/home/jplal/miniforge3/envs/mcgt-dev/lib/python3.12/site-packages/matplotlib/mathtext.py", line 100, in _parse_cached
    box = self._parser.parse(s, fontset, fontsize, dpi)
          ^^^^^^^^^^^^^^^^^^^^^^^^^^^^^^^^^^^^^^^^^^^^^
  File "/home/jplal/miniforge3/envs/mcgt-dev/lib/python3.12/site-packages/matplotlib/_mathtext.py", line 2173, in parse
    raise ValueError("\n" + ParseException.explain(err, 0)) from None
ValueError: 
\log_{10}\bigl(\mathrm{valeur\ de\ l’invariant}\bigr)
         ^
ParseFatalException: Unknown symbol: \bigl, found '\'  (at char 9), (line:1, col:10)
