/home/jplal/MCGT/zz-scripts/chapter08/utils/extract_bao_data.py:72: FutureWarning: The 'delim_whitespace' keyword in pd.read_csv is deprecated and will be removed in a future version. Use ``sep='\s+'`` instead
  df = pd.read_csv(input_file, delim_whitespace=True, comment="#")
Traceback (most recent call last):
  File "/home/jplal/MCGT/zz-scripts/chapter08/utils/extract_bao_data.py", line 72, in <module>
    df = pd.read_csv(input_file, delim_whitespace=True, comment="#")
         ^^^^^^^^^^^^^^^^^^^^^^^^^^^^^^^^^^^^^^^^^^^^^^^^^^^^^^^^^^^
  File "/home/jplal/miniforge3/envs/mcgt-dev/lib/python3.12/site-packages/pandas/io/parsers/readers.py", line 1026, in read_csv
    return _read(filepath_or_buffer, kwds)
           ^^^^^^^^^^^^^^^^^^^^^^^^^^^^^^^
  File "/home/jplal/miniforge3/envs/mcgt-dev/lib/python3.12/site-packages/pandas/io/parsers/readers.py", line 620, in _read
    parser = TextFileReader(filepath_or_buffer, **kwds)
             ^^^^^^^^^^^^^^^^^^^^^^^^^^^^^^^^^^^^^^^^^^
  File "/home/jplal/miniforge3/envs/mcgt-dev/lib/python3.12/site-packages/pandas/io/parsers/readers.py", line 1620, in __init__
    self._engine = self._make_engine(f, self.engine)
                   ^^^^^^^^^^^^^^^^^^^^^^^^^^^^^^^^^
  File "/home/jplal/miniforge3/envs/mcgt-dev/lib/python3.12/site-packages/pandas/io/parsers/readers.py", line 1880, in _make_engine
    self.handles = get_handle(
                   ^^^^^^^^^^^
  File "/home/jplal/miniforge3/envs/mcgt-dev/lib/python3.12/site-packages/pandas/io/common.py", line 873, in get_handle
    handle = open(
             ^^^^^
FileNotFoundError: [Errno 2] No such file or directory: '/home/jplal/MCGT/zz-data/chapter08/bao_distances_DR12v5.dat'
